Determining if the pthread_create exist failed with the following output:
Change Dir: /home/alex/Desktop/gazebo_plugin_tutorial/build/CMakeFiles/CMakeTmp

Run Build Command:/usr/bin/make "cmTryCompileExec1720360160/fast"
/usr/bin/make -f CMakeFiles/cmTryCompileExec1720360160.dir/build.make CMakeFiles/cmTryCompileExec1720360160.dir/build
make[1]: Entering directory `/home/alex/Desktop/gazebo_plugin_tutorial/build/CMakeFiles/CMakeTmp'
/usr/bin/cmake -E cmake_progress_report /home/alex/Desktop/gazebo_plugin_tutorial/build/CMakeFiles/CMakeTmp/CMakeFiles 1
Building C object CMakeFiles/cmTryCompileExec1720360160.dir/CheckSymbolExists.c.o
/usr/bin/cc    -o CMakeFiles/cmTryCompileExec1720360160.dir/CheckSymbolExists.c.o   -c /home/alex/Desktop/gazebo_plugin_tutorial/build/CMakeFiles/CMakeTmp/CheckSymbolExists.c
Linking C executable cmTryCompileExec1720360160
/usr/bin/cmake -E cmake_link_script CMakeFiles/cmTryCompileExec1720360160.dir/link.txt --verbose=1
/usr/bin/cc       CMakeFiles/cmTryCompileExec1720360160.dir/CheckSymbolExists.c.o  -o cmTryCompileExec1720360160 -rdynamic 
CMakeFiles/cmTryCompileExec1720360160.dir/CheckSymbolExists.c.o: In function `main':
CheckSymbolExists.c:(.text+0xa): undefined reference to `pthread_create'
collect2: error: ld returned 1 exit status
make[1]: *** [cmTryCompileExec1720360160] Error 1
make[1]: Leaving directory `/home/alex/Desktop/gazebo_plugin_tutorial/build/CMakeFiles/CMakeTmp'
make: *** [cmTryCompileExec1720360160/fast] Error 2

File /home/alex/Desktop/gazebo_plugin_tutorial/build/CMakeFiles/CMakeTmp/CheckSymbolExists.c:
/* */
#include <pthread.h>

int main(int argc, char** argv)
{
  (void)argv;
#ifndef pthread_create
  return ((int*)(&pthread_create))[argc];
#else
  (void)argc;
  return 0;
#endif
}

Determining if the function pthread_create exists in the pthreads failed with the following output:
Change Dir: /home/alex/Desktop/gazebo_plugin_tutorial/build/CMakeFiles/CMakeTmp

Run Build Command:/usr/bin/make "cmTryCompileExec398172926/fast"
/usr/bin/make -f CMakeFiles/cmTryCompileExec398172926.dir/build.make CMakeFiles/cmTryCompileExec398172926.dir/build
make[1]: Entering directory `/home/alex/Desktop/gazebo_plugin_tutorial/build/CMakeFiles/CMakeTmp'
/usr/bin/cmake -E cmake_progress_report /home/alex/Desktop/gazebo_plugin_tutorial/build/CMakeFiles/CMakeTmp/CMakeFiles 1
Building C object CMakeFiles/cmTryCompileExec398172926.dir/CheckFunctionExists.c.o
/usr/bin/cc   -DCHECK_FUNCTION_EXISTS=pthread_create   -o CMakeFiles/cmTryCompileExec398172926.dir/CheckFunctionExists.c.o   -c /usr/share/cmake-2.8/Modules/CheckFunctionExists.c
Linking C executable cmTryCompileExec398172926
/usr/bin/cmake -E cmake_link_script CMakeFiles/cmTryCompileExec398172926.dir/link.txt --verbose=1
/usr/bin/cc   -DCHECK_FUNCTION_EXISTS=pthread_create    CMakeFiles/cmTryCompileExec398172926.dir/CheckFunctionExists.c.o  -o cmTryCompileExec398172926 -rdynamic -lpthreads 
/usr/bin/ld: cannot find -lpthreads
collect2: error: ld returned 1 exit status
make[1]: *** [cmTryCompileExec398172926] Error 1
make[1]: Leaving directory `/home/alex/Desktop/gazebo_plugin_tutorial/build/CMakeFiles/CMakeTmp'
make: *** [cmTryCompileExec398172926/fast] Error 2


